<?xml version="1.0" encoding="UTF-8"?>
<!-- Generated by org.testng.reporters.JUnitReportReporter -->
<testsuite hostname="DESKTOP-0RQF8FK" failures="0" tests="1" name="orangehrm.testcases.OrangeHRMTest" time="52.770" errors="0" timestamp="2022-11-08T21:06:35 IST" skipped="0">
  <testcase classname="orangehrm.testcases.OrangeHRMTest" name="checkOrangeHRM" time="52.770"/>
  <system-out/>
</testsuite> <!-- orangehrm.testcases.OrangeHRMTest -->
