<?xml version="1.0" encoding="UTF-8"?>
<!-- Generated by org.testng.reporters.JUnitReportReporter -->
<testsuite hostname="DESKTOP-0RQF8FK" failures="0" tests="1" name="orangehrm.testcases.EmployeeRegTest" time="4.268" errors="0" timestamp="2022-11-09T20:54:04 IST" skipped="0">
  <testcase classname="orangehrm.testcases.EmployeeRegTest" name="checkEmpReg" time="4.268"/>
  <system-out/>
</testsuite> <!-- orangehrm.testcases.EmployeeRegTest -->
