<?xml version="1.0" encoding="UTF-8"?>
<!-- Generated by org.testng.reporters.JUnitReportReporter -->
<testsuite hostname="LAPTOP-8Q0369N3" failures="0" tests="1" name="company.TestCases.AdminLoginwithValidDatatestcase" time="0.000" errors="0" timestamp="2022-11-04T16:38:10 IST" skipped="1">
  <testcase classname="company.TestCases.AdminLoginwithValidDatatestcase" name="checkadminlogin" time="0.000">
    <skipped/>
  </testcase> <!-- checkadminlogin -->
  <system-out/>
</testsuite> <!-- company.TestCases.AdminLoginwithValidDatatestcase -->
