<?xml version="1.0" encoding="UTF-8"?>
<!-- Generated by org.testng.reporters.JUnitReportReporter -->
<testsuite hostname="LAPTOP-8Q0369N3" failures="0" tests="1" name="FlightReservation.Testcases.CheckUserLoginWithVALIDInputs" time="3.347" errors="0" timestamp="2022-12-26T22:19:49 IST" skipped="0">
  <testcase classname="FlightReservation.Testcases.CheckUserLoginWithVALIDInputs" name="LoginwithValidInputs" time="3.347"/>
  <system-out/>
</testsuite> <!-- FlightReservation.Testcases.CheckUserLoginWithVALIDInputs -->
