<?xml version="1.0" encoding="UTF-8"?>
<!-- Generated by org.testng.reporters.JUnitReportReporter -->
<testsuite hostname="LAPTOP-8Q0369N3" failures="0" tests="1" name="FlightReservation.Testcases.CheckUserLoginWithINVALIDinputs" time="7.028" errors="0" timestamp="2022-12-26T22:19:49 IST" skipped="0">
  <testcase classname="FlightReservation.Testcases.CheckUserLoginWithINVALIDinputs" name="LoginwithINValidInputs" time="7.028"/>
  <system-out/>
</testsuite> <!-- FlightReservation.Testcases.CheckUserLoginWithINVALIDinputs -->
