<?xml version="1.0" encoding="UTF-8"?>
<!-- Generated by org.testng.reporters.JUnitReportReporter -->
<testsuite hostname="LAPTOP-8Q0369N3" failures="0" tests="1" name="AppUtils.AppUtils" time="12.386" errors="0" timestamp="08 Dec 2022 06:14:53 GMT" skipped="0">
  <testcase classname="AppUtils.AppUtils" name="LaunchApp" time="12.386"/>
</testsuite> <!-- AppUtils.AppUtils -->
