<?xml version="1.0" encoding="UTF-8"?>
<!-- Generated by org.testng.reporters.JUnitReportReporter -->
<testsuite hostname="LAPTOP-8Q0369N3" failures="0" tests="1" name="Libraries.LoginPage" time="3.986" errors="0" timestamp="08 Dec 2022 06:52:00 GMT" skipped="0">
  <testcase classname="Libraries.LoginPage" name="Login" time="3.986"/>
</testsuite> <!-- Libraries.LoginPage -->
