<?xml version="1.0" encoding="UTF-8"?>
<!-- Generated by org.testng.reporters.JUnitReportReporter -->
<testsuite hostname="LAPTOP-8Q0369N3" failures="0" tests="1" name="Json_Project.Libraries.Loginpage" time="2.690" errors="0" timestamp="08 Dec 2022 17:40:05 GMT" skipped="0">
  <testcase classname="Json_Project.Libraries.Loginpage" name="Login" time="2.690"/>
</testsuite> <!-- Json_Project.Libraries.Loginpage -->
