<?xml version="1.0" encoding="UTF-8"?>
<!-- Generated by org.testng.reporters.JUnitReportReporter -->
<testsuite hostname="LAPTOP-8Q0369N3" failures="0" tests="1" name="Json_Project.TestCases.RegisterationTestFunctionality" time="4.954" errors="0" timestamp="08 Dec 2022 18:05:11 GMT" skipped="0">
  <testcase classname="Json_Project.TestCases.RegisterationTestFunctionality" name="RegisterationWithValidInputs" time="4.954"/>
</testsuite> <!-- Json_Project.TestCases.RegisterationTestFunctionality -->
