<?xml version="1.0" encoding="UTF-8"?>
<!-- Generated by org.testng.reporters.JUnitReportReporter -->
<testsuite hostname="LAPTOP-8Q0369N3" failures="0" tests="1" name="HRM_CCBR.Utils.Apputils" time="10.341" errors="0" timestamp="09 Dec 2022 11:09:25 GMT" skipped="0">
  <testcase classname="HRM_CCBR.Utils.Apputils" name="LaunchApp" time="10.341"/>
</testsuite> <!-- HRM_CCBR.Utils.Apputils -->
