<?xml version="1.0" encoding="UTF-8"?>
<!-- Generated by org.testng.reporters.JUnitReportReporter -->
<testsuite hostname="DESKTOP-0RQF8FK" failures="0" tests="1" name="orangehrm.testcases.AdminLoginTestwithValidData" time="12.909" errors="0" timestamp="2022-11-07T20:17:13 IST" skipped="0">
  <testcase classname="orangehrm.testcases.AdminLoginTestwithValidData" name="checkAdminLogin" time="12.909"/>
  <system-out/>
</testsuite> <!-- orangehrm.testcases.AdminLoginTestwithValidData -->
