<?xml version="1.0" encoding="UTF-8"?>
<!-- Generated by org.testng.reporters.JUnitReportReporter -->
<testsuite hostname="LAPTOP-8Q0369N3" failures="0" tests="1" name="Ecommerce.Utils.AppUtils" time="4.931" errors="0" timestamp="2022-11-23T18:46:07 IST" skipped="0">
  <testcase classname="Ecommerce.Utils.AppUtils" name="LaunchApp" time="4.931"/>
  <system-out/>
</testsuite> <!-- Ecommerce.Utils.AppUtils -->
