<?xml version="1.0" encoding="UTF-8"?>
<!-- Generated by org.testng.reporters.JUnitReportReporter -->
<testsuite hostname="LAPTOP-8Q0369N3" failures="0" tests="1" name="HRM.Testcases.AdminLoginTestWithINValidInputs" time="0.628" errors="0" timestamp="2022-10-29T22:35:40 IST" skipped="0">
  <testcase classname="HRM.Testcases.AdminLoginTestWithINValidInputs" name="checkadminlogin" time="0.628"/>
  <system-out/>
</testsuite> <!-- HRM.Testcases.AdminLoginTestWithINValidInputs -->
