<?xml version="1.0" encoding="UTF-8"?>
<!-- Generated by org.testng.reporters.JUnitReportReporter -->
<testsuite hostname="DESKTOP-0RQF8FK" failures="0" tests="1" name="orangehrm.testcases.UserRegTest" time="8.050" errors="0" timestamp="2022-10-29T20:50:42 IST" skipped="0">
  <testcase classname="orangehrm.testcases.UserRegTest" name="checkUserReg" time="8.050"/>
  <system-out/>
</testsuite> <!-- orangehrm.testcases.UserRegTest -->
