<?xml version="1.0" encoding="UTF-8"?>
<!-- Generated by org.testng.reporters.JUnitReportReporter -->
<testsuite hostname="DESKTOP-0RQF8FK" failures="0" tests="1" name="orangehrm.testcases.AdminLoginTest" time="3.594" errors="0" timestamp="2022-11-09T20:45:39 IST" skipped="0">
  <testcase classname="orangehrm.testcases.AdminLoginTest" name="checkAdminLogin" time="3.594"/>
  <system-out/>
</testsuite> <!-- orangehrm.testcases.AdminLoginTest -->
