<?xml version="1.0" encoding="UTF-8"?>
<!-- Generated by org.testng.reporters.JUnitReportReporter -->
<testsuite hostname="LAPTOP-8Q0369N3" failures="0" tests="1" name="orangehrm.testcases.AdminLoginTestwithInvalidData" time="10.822" errors="0" timestamp="2022-11-15T12:38:52 IST" skipped="0">
  <testcase classname="orangehrm.testcases.AdminLoginTestwithInvalidData" name="checkAdminLogin" time="10.822"/>
  <system-out/>
</testsuite> <!-- orangehrm.testcases.AdminLoginTestwithInvalidData -->
