<?xml version="1.0" encoding="UTF-8"?>
<!-- Generated by org.testng.reporters.JUnitReportReporter -->
<testsuite hostname="DESKTOP-0RQF8FK" failures="0" tests="1" name="orangehrm.testcases.AdminLoginTestwithValidData" time="3.143" errors="0" timestamp="2022-10-29T20:50:42 IST" skipped="0">
  <testcase classname="orangehrm.testcases.AdminLoginTestwithValidData" name="checkAdminLogin" time="3.143"/>
  <system-out/>
</testsuite> <!-- orangehrm.testcases.AdminLoginTestwithValidData -->
