<?xml version="1.0" encoding="UTF-8"?>
<!-- Generated by org.testng.reporters.JUnitReportReporter -->
<testsuite hostname="DESKTOP-0RQF8FK" failures="0" tests="1" name="orangehrm.testcases.AdminLoginTestwithInvalidData" time="1.029" errors="0" timestamp="2022-10-29T20:50:42 IST" skipped="0">
  <testcase classname="orangehrm.testcases.AdminLoginTestwithInvalidData" name="checkAdminLogin" time="1.029"/>
  <system-out/>
</testsuite> <!-- orangehrm.testcases.AdminLoginTestwithInvalidData -->
