<?xml version="1.0" encoding="UTF-8"?>
<!-- Generated by org.testng.reporters.JUnitReportReporter -->
<testsuite hostname="LAPTOP-8Q0369N3" failures="0" tests="1" name="com.Stormoverseas.Utils.Extentreports" time="2.082" errors="0" timestamp="31 Jan 2023 08:53:43 GMT" skipped="0">
  <testcase classname="com.Stormoverseas.Utils.Extentreports" name="m1" time="2.082"/>
</testsuite> <!-- com.Stormoverseas.Utils.Extentreports -->
