<?xml version="1.0" encoding="UTF-8"?>
<!-- Generated by org.testng.reporters.JUnitReportReporter -->
<testsuite hostname="LAPTOP-8Q0369N3" failures="0" tests="1" name="com.Stormoverseas.TestCases.BaseClass" time="8.972" errors="0" timestamp="16 Jan 2023 12:09:59 GMT" skipped="0">
  <testcase classname="com.Stormoverseas.TestCases.BaseClass" name="AppLaunch" time="8.972"/>
</testsuite> <!-- com.Stormoverseas.TestCases.BaseClass -->
