<?xml version="1.0" encoding="UTF-8"?>
<!-- Generated by org.testng.reporters.JUnitReportReporter -->
<testsuite hostname="LAPTOP-8Q0369N3" failures="0" tests="1" name="com.Stormoverseas.TestCases.StudyinAbroadTest" time="306.285" errors="0" timestamp="26 Jan 2023 12:28:05 GMT" skipped="0">
  <testcase classname="com.Stormoverseas.TestCases.StudyinAbroadTest" name="studyaboradtest" time="306.285"/>
</testsuite> <!-- com.Stormoverseas.TestCases.StudyinAbroadTest -->
