<?xml version="1.0" encoding="UTF-8"?>
<!-- Generated by org.testng.reporters.JUnitReportReporter -->
<testsuite hostname="LAPTOP-8Q0369N3" failures="0" tests="1" name="com.Guru99demo.TestCases.InvalidLoginTest" time="21.269" errors="0" timestamp="10 Jan 2023 18:34:59 GMT" skipped="0">
  <testcase classname="com.Guru99demo.TestCases.InvalidLoginTest" name="LoginTestinvaliddata" time="21.269"/>
</testsuite> <!-- com.Guru99demo.TestCases.InvalidLoginTest -->
